[2025-04-04 13:50:35,339] INFO Watching for file changes with StatReloader
[2025-04-04 14:06:48,546] INFO Watching for file changes with StatReloader
[2025-04-04 14:13:37,947] INFO Watching for file changes with StatReloader
[2025-04-04 16:20:30,623] INFO Watching for file changes with StatReloader
[2025-04-05 21:49:16,072] INFO Watching for file changes with StatReloader
[2025-04-05 21:49:51,138] WARNING Not Found: /
[2025-04-05 21:49:52,151] WARNING Not Found: /favicon.ico
[2025-04-05 21:49:52,360] WARNING Not Found: /
[2025-04-05 21:50:05,358] WARNING Not Found: /
[2025-04-05 21:50:06,306] WARNING Not Found: /
[2025-04-05 21:51:14,248] WARNING Not Found: /homepage-hotels/
[2025-04-07 13:43:56,220] INFO Watching for file changes with StatReloader
[2025-04-07 13:45:38,372] ERROR Internal Server Error: /recommend/homepage-food/
[2025-04-07 13:46:31,691] INFO D:\FinTrip\Recommand\FinTrip\FinTrip\Recommend\processed.py changed, reloading.
[2025-04-07 13:46:33,242] INFO Watching for file changes with StatReloader
[2025-04-07 13:56:29,874] INFO D:\FinTrip\Recommand\FinTrip\FinTrip\Recommend\processed.py changed, reloading.
[2025-04-07 13:56:30,992] INFO Watching for file changes with StatReloader
[2025-04-07 13:56:48,536] WARNING Not Found: /recommend/homepage-food/
[2025-04-07 14:00:49,075] INFO D:\FinTrip\Recommand\FinTrip\FinTrip\Recommend\processed.py changed, reloading.
[2025-04-07 14:00:50,194] INFO Watching for file changes with StatReloader
[2025-04-07 14:04:09,880] INFO D:\FinTrip\Recommand\FinTrip\FinTrip\Recommend\hotel.py changed, reloading.
[2025-04-07 14:04:11,074] INFO Watching for file changes with StatReloader
[2025-04-07 14:13:55,470] INFO D:\FinTrip\Recommand\FinTrip\FinTrip\Recommend\processed.py changed, reloading.
[2025-04-07 14:13:56,731] INFO Watching for file changes with StatReloader
[2025-04-07 14:14:27,932] INFO D:\FinTrip\Recommand\FinTrip\FinTrip\Recommend\processed.py changed, reloading.
[2025-04-07 14:14:28,999] INFO Watching for file changes with StatReloader
[2025-04-07 14:18:09,272] INFO D:\FinTrip\Recommand\FinTrip\FinTrip\Recommend\views.py changed, reloading.
[2025-04-07 14:18:10,978] INFO Watching for file changes with StatReloader
[2025-04-07 14:21:20,948] ERROR Internal Server Error: /recommend/search-province/
[2025-04-07 14:22:38,748] INFO D:\FinTrip\Recommand\FinTrip\FinTrip\Recommend\views.py changed, reloading.
[2025-04-07 14:22:40,287] INFO Watching for file changes with StatReloader
[2025-04-07 14:23:45,778] INFO D:\FinTrip\Recommand\FinTrip\FinTrip\Recommend\views.py changed, reloading.
[2025-04-07 14:23:47,201] INFO Watching for file changes with StatReloader
[2025-04-07 14:24:17,001] INFO D:\FinTrip\Recommand\FinTrip\FinTrip\Recommend\views.py changed, reloading.
[2025-04-07 14:24:18,194] INFO Watching for file changes with StatReloader
[2025-04-07 14:24:45,075] INFO D:\FinTrip\Recommand\FinTrip\FinTrip\Recommend\processed.py changed, reloading.
[2025-04-07 14:24:46,112] INFO Watching for file changes with StatReloader
[2025-04-07 14:25:08,990] INFO D:\FinTrip\Recommand\FinTrip\FinTrip\Recommend\views.py changed, reloading.
[2025-04-07 14:25:10,202] INFO Watching for file changes with StatReloader
[2025-04-07 14:25:43,551] ERROR Internal Server Error: /recommend/search-province/
[2025-04-07 14:27:03,171] INFO D:\FinTrip\Recommand\FinTrip\FinTrip\Recommend\views.py changed, reloading.
[2025-04-07 14:27:04,294] INFO Watching for file changes with StatReloader
[2025-04-07 14:27:33,922] WARNING Not Found: /recommend/search-province/
[2025-04-07 14:27:43,940] WARNING Bad Request: /recommend/search-province/
[2025-04-07 14:31:39,853] INFO D:\FinTrip\Recommand\FinTrip\FinTrip\Recommend\views.py changed, reloading.
[2025-04-07 14:31:41,279] INFO Watching for file changes with StatReloader
[2025-04-07 14:31:49,384] WARNING Bad Request: /recommend/search-province/
[2025-04-07 14:32:19,192] WARNING Not Found: /recommend/search-province/
[2025-04-07 14:32:35,025] WARNING Bad Request: /recommend/search-province/
[2025-04-07 14:33:28,239] INFO D:\FinTrip\Recommand\FinTrip\FinTrip\Recommend\views.py changed, reloading.
[2025-04-07 14:33:29,402] INFO Watching for file changes with StatReloader
[2025-04-07 14:33:37,024] WARNING Not Found: /recommend/search-province/
[2025-04-07 14:33:50,817] WARNING Not Found: /recommend/search-province/
[2025-04-07 14:34:40,289] WARNING Not Found: /recommend/search-province/
[2025-04-07 14:35:13,687] WARNING Not Found: /recommend/search-province/
[2025-04-07 14:35:27,866] WARNING Bad Request: /recommend/search-province/
[2025-04-07 14:38:34,307] INFO D:\FinTrip\Recommand\FinTrip\FinTrip\Recommend\processed.py changed, reloading.
[2025-04-07 14:38:35,947] INFO Watching for file changes with StatReloader
[2025-04-07 14:44:46,747] ERROR Internal Server Error: /recommend/rcm-travel/
[2025-04-07 14:44:55,114] ERROR Internal Server Error: /recommend/travel-schedule/
[2025-04-07 14:45:09,412] INFO D:\FinTrip\Recommand\FinTrip\FinTrip\Recommend\views.py changed, reloading.
[2025-04-07 14:45:10,830] INFO Watching for file changes with StatReloader
[2025-04-07 14:45:24,684] INFO D:\FinTrip\Recommand\FinTrip\FinTrip\Recommend\views.py changed, reloading.
[2025-04-07 14:45:26,298] INFO Watching for file changes with StatReloader
[2025-04-07 14:45:46,388] ERROR Internal Server Error: /recommend/search-food/
[2025-04-07 14:46:01,346] INFO D:\FinTrip\Recommand\FinTrip\FinTrip\Recommend\views.py changed, reloading.
[2025-04-07 14:46:02,647] INFO Watching for file changes with StatReloader
[2025-04-07 14:47:03,713] INFO D:\FinTrip\Recommand\FinTrip\FinTrip\Recommend\views.py changed, reloading.
[2025-04-07 14:47:05,223] INFO Watching for file changes with StatReloader
[2025-04-07 14:48:06,762] INFO D:\FinTrip\Recommand\FinTrip\FinTrip\Recommend\processed.py changed, reloading.
[2025-04-07 14:48:08,784] INFO Watching for file changes with StatReloader
[2025-04-07 14:51:49,331] INFO D:\FinTrip\Recommand\FinTrip\FinTrip\Recommend\processed.py changed, reloading.
[2025-04-07 14:51:50,508] INFO Watching for file changes with StatReloader
[2025-04-07 14:54:35,503] INFO D:\FinTrip\Recommand\FinTrip\FinTrip\Recommend\views.py changed, reloading.
[2025-04-07 14:54:36,763] INFO Watching for file changes with StatReloader
[2025-04-07 14:57:49,613] ERROR Internal Server Error: /recommend/get_city_miss/
[2025-04-07 15:02:05,126] INFO D:\FinTrip\Recommand\FinTrip\FinTrip\Recommend\views.py changed, reloading.
[2025-04-07 15:02:06,485] INFO Watching for file changes with StatReloader
[2025-04-07 15:04:56,746] INFO D:\FinTrip\Recommand\FinTrip\FinTrip\Recommend\views.py changed, reloading.
[2025-04-07 15:04:57,854] INFO Watching for file changes with StatReloader
[2025-04-07 15:05:20,378] INFO D:\FinTrip\Recommand\FinTrip\FinTrip\Recommend\urls.py changed, reloading.
[2025-04-07 15:05:21,441] INFO Watching for file changes with StatReloader
[2025-04-07 15:06:01,821] ERROR Internal Server Error: /recommend/get-top-cities/
[2025-04-07 15:07:14,574] INFO D:\FinTrip\Recommand\FinTrip\FinTrip\Recommend\processed.py changed, reloading.
[2025-04-07 15:07:15,610] INFO Watching for file changes with StatReloader
[2025-04-07 15:08:20,403] INFO D:\FinTrip\Recommand\FinTrip\FinTrip\Recommend\processed.py changed, reloading.
[2025-04-07 15:08:21,506] INFO Watching for file changes with StatReloader
[2025-04-07 15:10:45,931] INFO D:\FinTrip\Recommand\FinTrip\FinTrip\Recommend\processed.py changed, reloading.
[2025-04-07 15:10:47,069] INFO Watching for file changes with StatReloader
[2025-04-07 15:11:24,370] INFO D:\FinTrip\Recommand\FinTrip\FinTrip\Recommend\processed.py changed, reloading.
[2025-04-07 15:11:25,470] INFO Watching for file changes with StatReloader
