[2025-04-02 14:18:27] INFO [chatbot_model.py:5] Starting chatbot_model.py import process...
[2025-04-02 14:18:54] INFO [chatbot_model.py:11] Successfully imported torch and transformers.
[2025-04-02 14:18:54] INFO [chatbot_model.py:18] Model directory set to: D:\FinTrip\Recommand\FinTrip\FinTrip\ChatBot\model\Gptmodel1
[2025-04-02 14:18:54] INFO [chatbot_model.py:86] Initializing model loading process...
[2025-04-02 14:18:54] DEBUG [chatbot_model.py:30] Starting load_model() with MODEL_DIR: D:\FinTrip\Recommand\FinTrip\FinTrip\ChatBot\model\Gptmodel1
[2025-04-02 14:18:54] INFO [chatbot_model.py:33] Checking if model directory exists: D:\FinTrip\Recommand\FinTrip\FinTrip\ChatBot\model\Gptmodel1
[2025-04-02 14:18:54] ERROR [chatbot_model.py:42] No weight files (pytorch_model.bin or model.safetensors) found in D:\FinTrip\Recommand\FinTrip\FinTrip\ChatBot\model\Gptmodel1
[2025-04-02 14:18:54] ERROR [chatbot_model.py:82] Failed to load model or tokenizer: No model weights found in D:\FinTrip\Recommand\FinTrip\FinTrip\ChatBot\model\Gptmodel1
Traceback (most recent call last):
  File "D:\FinTrip\Recommand\FinTrip\FinTrip\ChatBot\chatbot_model.py", line 43, in load_model
    raise FileNotFoundError(f"No model weights found in {MODEL_DIR}")
FileNotFoundError: No model weights found in D:\FinTrip\Recommand\FinTrip\FinTrip\ChatBot\model\Gptmodel1
[2025-04-02 14:18:54] CRITICAL [chatbot_model.py:89] Model initialization failed. Chatbot will not function properly.
[2025-04-02 15:58:46] INFO [chatbot_model.py:5] Starting chatbot_model.py import process...
[2025-04-02 15:59:13] INFO [chatbot_model.py:11] Successfully imported torch and transformers.
[2025-04-02 15:59:13] INFO [chatbot_model.py:18] Model directory set to: D:\FinTrip\Recommand\FinTrip\FinTrip\ChatBot\model\Gptmodel1
[2025-04-02 15:59:13] INFO [chatbot_model.py:86] Initializing model loading process...
[2025-04-02 15:59:13] DEBUG [chatbot_model.py:30] Starting load_model() with MODEL_DIR: D:\FinTrip\Recommand\FinTrip\FinTrip\ChatBot\model\Gptmodel1
[2025-04-02 15:59:13] INFO [chatbot_model.py:33] Checking if model directory exists: D:\FinTrip\Recommand\FinTrip\FinTrip\ChatBot\model\Gptmodel1
[2025-04-02 15:59:13] ERROR [chatbot_model.py:35] Model directory does not exist: D:\FinTrip\Recommand\FinTrip\FinTrip\ChatBot\model\Gptmodel1
[2025-04-02 15:59:13] ERROR [chatbot_model.py:82] Failed to load model or tokenizer: Model directory 'D:\FinTrip\Recommand\FinTrip\FinTrip\ChatBot\model\Gptmodel1' not found.
Traceback (most recent call last):
  File "D:\FinTrip\Recommand\FinTrip\FinTrip\ChatBot\chatbot_model.py", line 36, in load_model
    raise FileNotFoundError(f"Model directory '{MODEL_DIR}' not found.")
FileNotFoundError: Model directory 'D:\FinTrip\Recommand\FinTrip\FinTrip\ChatBot\model\Gptmodel1' not found.
[2025-04-02 15:59:13] CRITICAL [chatbot_model.py:89] Model initialization failed. Chatbot will not function properly.
[2025-04-02 16:02:37] INFO [chatbot_model.py:5] Starting chatbot_model.py import process...
[2025-04-02 16:02:42] INFO [chatbot_model.py:11] Successfully imported torch and transformers.
[2025-04-02 16:02:42] INFO [chatbot_model.py:18] Model directory set to: D:\FinTrip\Recommand\FinTrip\FinTrip\ChatBot\model\Gptmodel1
[2025-04-02 16:02:42] INFO [chatbot_model.py:86] Initializing model loading process...
[2025-04-02 16:02:42] DEBUG [chatbot_model.py:30] Starting load_model() with MODEL_DIR: D:\FinTrip\Recommand\FinTrip\FinTrip\ChatBot\model\Gptmodel1
[2025-04-02 16:02:42] INFO [chatbot_model.py:33] Checking if model directory exists: D:\FinTrip\Recommand\FinTrip\FinTrip\ChatBot\model\Gptmodel1
[2025-04-02 16:02:42] ERROR [chatbot_model.py:35] Model directory does not exist: D:\FinTrip\Recommand\FinTrip\FinTrip\ChatBot\model\Gptmodel1
[2025-04-02 16:02:42] ERROR [chatbot_model.py:82] Failed to load model or tokenizer: Model directory 'D:\FinTrip\Recommand\FinTrip\FinTrip\ChatBot\model\Gptmodel1' not found.
Traceback (most recent call last):
  File "D:\FinTrip\Recommand\FinTrip\FinTrip\ChatBot\chatbot_model.py", line 36, in load_model
    raise FileNotFoundError(f"Model directory '{MODEL_DIR}' not found.")
FileNotFoundError: Model directory 'D:\FinTrip\Recommand\FinTrip\FinTrip\ChatBot\model\Gptmodel1' not found.
[2025-04-02 16:02:42] CRITICAL [chatbot_model.py:89] Model initialization failed. Chatbot will not function properly.
[2025-04-02 16:12:28] INFO [chatbot_model.py:5] Starting chatbot_model.py import process...
[2025-04-02 16:12:34] INFO [chatbot_model.py:11] Successfully imported torch and transformers.
[2025-04-02 16:12:34] INFO [chatbot_model.py:18] Model directory set to: D:\FinTrip\Recommand\FinTrip\FinTrip\ChatBot\model\Gptmodel1
[2025-04-02 16:12:34] INFO [chatbot_model.py:86] Initializing model loading process...
[2025-04-02 16:12:34] DEBUG [chatbot_model.py:30] Starting load_model() with MODEL_DIR: D:\FinTrip\Recommand\FinTrip\FinTrip\ChatBot\model\Gptmodel1
[2025-04-02 16:12:34] INFO [chatbot_model.py:33] Checking if model directory exists: D:\FinTrip\Recommand\FinTrip\FinTrip\ChatBot\model\Gptmodel1
[2025-04-02 16:12:34] ERROR [chatbot_model.py:35] Model directory does not exist: D:\FinTrip\Recommand\FinTrip\FinTrip\ChatBot\model\Gptmodel1
[2025-04-02 16:12:34] ERROR [chatbot_model.py:82] Failed to load model or tokenizer: Model directory 'D:\FinTrip\Recommand\FinTrip\FinTrip\ChatBot\model\Gptmodel1' not found.
Traceback (most recent call last):
  File "D:\FinTrip\Recommand\FinTrip\FinTrip\ChatBot\chatbot_model.py", line 36, in load_model
    raise FileNotFoundError(f"Model directory '{MODEL_DIR}' not found.")
FileNotFoundError: Model directory 'D:\FinTrip\Recommand\FinTrip\FinTrip\ChatBot\model\Gptmodel1' not found.
[2025-04-02 16:12:34] CRITICAL [chatbot_model.py:89] Model initialization failed. Chatbot will not function properly.
[2025-04-02 16:13:09] INFO [chatbot_model.py:5] Starting chatbot_model.py import process...
[2025-04-02 16:13:15] INFO [chatbot_model.py:11] Successfully imported torch and transformers.
[2025-04-02 16:13:15] INFO [chatbot_model.py:18] Model directory set to: D:\FinTrip\Recommand\FinTrip\FinTrip\ChatBot\model\Gptmodel1
[2025-04-02 16:13:15] INFO [chatbot_model.py:86] Initializing model loading process...
[2025-04-02 16:13:15] DEBUG [chatbot_model.py:30] Starting load_model() with MODEL_DIR: D:\FinTrip\Recommand\FinTrip\FinTrip\ChatBot\model\Gptmodel1
[2025-04-02 16:13:15] INFO [chatbot_model.py:33] Checking if model directory exists: D:\FinTrip\Recommand\FinTrip\FinTrip\ChatBot\model\Gptmodel1
[2025-04-02 16:13:15] ERROR [chatbot_model.py:35] Model directory does not exist: D:\FinTrip\Recommand\FinTrip\FinTrip\ChatBot\model\Gptmodel1
[2025-04-02 16:13:15] ERROR [chatbot_model.py:82] Failed to load model or tokenizer: Model directory 'D:\FinTrip\Recommand\FinTrip\FinTrip\ChatBot\model\Gptmodel1' not found.
Traceback (most recent call last):
  File "D:\FinTrip\Recommand\FinTrip\FinTrip\ChatBot\chatbot_model.py", line 36, in load_model
    raise FileNotFoundError(f"Model directory '{MODEL_DIR}' not found.")
FileNotFoundError: Model directory 'D:\FinTrip\Recommand\FinTrip\FinTrip\ChatBot\model\Gptmodel1' not found.
[2025-04-02 16:13:15] CRITICAL [chatbot_model.py:89] Model initialization failed. Chatbot will not function properly.
