[2025-04-01 20:14:47] INFO [chatbot_model.py:57] Initializing model loading process...
[2025-04-01 20:14:47] INFO [chatbot_model.py:25] Loading tokenizer from D:\FinTrip\Recommand\FinTrip\FinTrip\ChatBot\model\Gptmodel1...
[2025-04-01 20:14:48] INFO [chatbot_model.py:31] Tokenizer loaded successfully.
[2025-04-01 20:14:48] INFO [chatbot_model.py:33] Loading model from D:\FinTrip\Recommand\FinTrip\FinTrip\ChatBot\model\Gptmodel1...
[2025-04-01 20:14:48] ERROR [chatbot_model.py:52] Failed to load model or tokenizer: Error no file named pytorch_model.bin, model.safetensors, tf_model.h5, model.ckpt.index or flax_model.msgpack found in directory D:\FinTrip\Recommand\FinTrip\FinTrip\ChatBot\model\Gptmodel1.
Traceback (most recent call last):
  File "D:\FinTrip\Recommand\FinTrip\FinTrip\ChatBot\chatbot_model.py", line 34, in load_model
    model = AutoModelForSeq2SeqLM.from_pretrained(
            ^^^^^^^^^^^^^^^^^^^^^^^^^^^^^^^^^^^^^^
  File "D:\FinTrip\Recommand\FinTrip\venv\Lib\site-packages\transformers\models\auto\auto_factory.py", line 573, in from_pretrained
    return model_class.from_pretrained(
           ^^^^^^^^^^^^^^^^^^^^^^^^^^^^
  File "D:\FinTrip\Recommand\FinTrip\venv\Lib\site-packages\transformers\modeling_utils.py", line 272, in _wrapper
    return func(*args, **kwargs)
           ^^^^^^^^^^^^^^^^^^^^^
  File "D:\FinTrip\Recommand\FinTrip\venv\Lib\site-packages\transformers\modeling_utils.py", line 4317, in from_pretrained
    checkpoint_files, sharded_metadata = _get_resolved_checkpoint_files(
                                         ^^^^^^^^^^^^^^^^^^^^^^^^^^^^^^^
  File "D:\FinTrip\Recommand\FinTrip\venv\Lib\site-packages\transformers\modeling_utils.py", line 982, in _get_resolved_checkpoint_files
    raise EnvironmentError(
OSError: Error no file named pytorch_model.bin, model.safetensors, tf_model.h5, model.ckpt.index or flax_model.msgpack found in directory D:\FinTrip\Recommand\FinTrip\FinTrip\ChatBot\model\Gptmodel1.
[2025-04-01 20:14:48] CRITICAL [chatbot_model.py:60] Model initialization failed. Chatbot will not function properly.
[2025-04-01 20:15:00] INFO [views.py:43] Received user input: 'chào'
[2025-04-01 20:15:00] INFO [chatbot_model.py:73] Processing user input: 'chào'
[2025-04-01 20:15:00] ERROR [chatbot_model.py:80] Cannot generate response: Model or tokenizer not loaded.
[2025-04-01 20:15:00] INFO [views.py:62] Response generated in 0.00 seconds.
[2025-04-01 20:22:25] INFO [chatbot_model.py:64] Initializing model loading process...
[2025-04-01 20:22:25] INFO [chatbot_model.py:20] Checking model directory: D:\FinTrip\Recommand\FinTrip\FinTrip\ChatBot\model\Gptmodel1
[2025-04-01 20:22:25] ERROR [chatbot_model.py:30] Required file missing: D:\FinTrip\Recommand\FinTrip\FinTrip\ChatBot\model\Gptmodel1\model-00001-of-00001.safetensors
[2025-04-01 20:22:25] ERROR [chatbot_model.py:59] Failed to load model or tokenizer: File 'model-00001-of-00001.safetensors' not found in D:\FinTrip\Recommand\FinTrip\FinTrip\ChatBot\model\Gptmodel1
Traceback (most recent call last):
  File "D:\FinTrip\Recommand\FinTrip\FinTrip\ChatBot\chatbot_model.py", line 31, in load_model
    raise FileNotFoundError(f"File '{file_name}' not found in {MODEL_DIR}")
FileNotFoundError: File 'model-00001-of-00001.safetensors' not found in D:\FinTrip\Recommand\FinTrip\FinTrip\ChatBot\model\Gptmodel1
[2025-04-01 20:22:25] CRITICAL [chatbot_model.py:67] Model initialization failed. Chatbot will not function properly.
[2025-04-01 20:22:30] INFO [views.py:43] Received user input: 'chào'
[2025-04-01 20:22:30] INFO [chatbot_model.py:80] Processing user input: 'chào'
[2025-04-01 20:22:30] ERROR [chatbot_model.py:87] Cannot generate response: Model or tokenizer not loaded.
[2025-04-01 20:22:30] INFO [views.py:62] Response generated in 0.00 seconds.
[2025-04-01 20:22:32] INFO [views.py:43] Received user input: 'chào'
[2025-04-01 20:22:32] INFO [chatbot_model.py:80] Processing user input: 'chào'
[2025-04-01 20:22:32] ERROR [chatbot_model.py:87] Cannot generate response: Model or tokenizer not loaded.
[2025-04-01 20:22:32] INFO [views.py:62] Response generated in 0.00 seconds.
[2025-04-01 20:24:06] INFO [chatbot_model.py:75] Initializing model loading process...
[2025-04-01 20:24:06] DEBUG [chatbot_model.py:19] Starting load_model() with MODEL_DIR: D:\FinTrip\Recommand\FinTrip\FinTrip\ChatBot\model\Gptmodel1
[2025-04-01 20:24:06] INFO [chatbot_model.py:23] Checking if model directory exists: D:\FinTrip\Recommand\FinTrip\FinTrip\ChatBot\model\Gptmodel1
[2025-04-01 20:24:06] DEBUG [chatbot_model.py:37] Checking file: D:\FinTrip\Recommand\FinTrip\FinTrip\ChatBot\model\Gptmodel1\config.json
[2025-04-01 20:24:06] DEBUG [chatbot_model.py:37] Checking file: D:\FinTrip\Recommand\FinTrip\FinTrip\ChatBot\model\Gptmodel1\tokenizer.json
[2025-04-01 20:24:06] INFO [chatbot_model.py:43] Loading tokenizer from D:\FinTrip\Recommand\FinTrip\FinTrip\ChatBot\model\Gptmodel1...
[2025-04-01 20:24:07] INFO [chatbot_model.py:49] Tokenizer loaded successfully.
[2025-04-01 20:24:07] INFO [chatbot_model.py:52] Loading model from D:\FinTrip\Recommand\FinTrip\FinTrip\ChatBot\model\Gptmodel1...
[2025-04-01 20:24:07] ERROR [chatbot_model.py:70] Failed to load model or tokenizer: Error no file named pytorch_model.bin, model.safetensors, tf_model.h5, model.ckpt.index or flax_model.msgpack found in directory D:\FinTrip\Recommand\FinTrip\FinTrip\ChatBot\model\Gptmodel1.
Traceback (most recent call last):
  File "D:\FinTrip\Recommand\FinTrip\FinTrip\ChatBot\chatbot_model.py", line 53, in load_model
    model = AutoModelForSeq2SeqLM.from_pretrained(
            ^^^^^^^^^^^^^^^^^^^^^^^^^^^^^^^^^^^^^^
  File "D:\FinTrip\Recommand\FinTrip\venv\Lib\site-packages\transformers\models\auto\auto_factory.py", line 573, in from_pretrained
    return model_class.from_pretrained(
           ^^^^^^^^^^^^^^^^^^^^^^^^^^^^
  File "D:\FinTrip\Recommand\FinTrip\venv\Lib\site-packages\transformers\modeling_utils.py", line 272, in _wrapper
    return func(*args, **kwargs)
           ^^^^^^^^^^^^^^^^^^^^^
  File "D:\FinTrip\Recommand\FinTrip\venv\Lib\site-packages\transformers\modeling_utils.py", line 4317, in from_pretrained
    checkpoint_files, sharded_metadata = _get_resolved_checkpoint_files(
                                         ^^^^^^^^^^^^^^^^^^^^^^^^^^^^^^^
  File "D:\FinTrip\Recommand\FinTrip\venv\Lib\site-packages\transformers\modeling_utils.py", line 982, in _get_resolved_checkpoint_files
    raise EnvironmentError(
OSError: Error no file named pytorch_model.bin, model.safetensors, tf_model.h5, model.ckpt.index or flax_model.msgpack found in directory D:\FinTrip\Recommand\FinTrip\FinTrip\ChatBot\model\Gptmodel1.
[2025-04-01 20:24:07] CRITICAL [chatbot_model.py:78] Model initialization failed. Chatbot will not function properly.
[2025-04-01 20:24:12] INFO [views.py:43] Received user input: 'chào'
[2025-04-01 20:24:12] INFO [chatbot_model.py:91] Processing user input: 'chào'
[2025-04-01 20:24:12] ERROR [chatbot_model.py:98] Cannot generate response: Model or tokenizer not loaded.
[2025-04-01 20:24:12] INFO [views.py:62] Response generated in 0.00 seconds.
[2025-04-01 20:34:50] INFO [views.py:43] Received user input: 'chào'
[2025-04-01 20:34:50] INFO [chatbot_model.py:105] Processing user input: 'chào'
[2025-04-01 20:34:50] ERROR [chatbot_model.py:112] Cannot generate response: Model or tokenizer not loaded.
[2025-04-01 20:34:50] INFO [views.py:62] Response generated in 0.00 seconds.
[2025-04-01 20:38:23] INFO [views.py:43] Received user input: 'chào'
[2025-04-01 20:38:23] INFO [chatbot_model.py:109] Processing user input: 'chào'
[2025-04-01 20:38:23] ERROR [chatbot_model.py:116] Cannot generate response: Model or tokenizer not loaded.
[2025-04-01 20:38:23] INFO [views.py:62] Response generated in 0.00 seconds.
[2025-04-01 20:38:26] INFO [views.py:43] Received user input: 'chào'
[2025-04-01 20:38:26] INFO [chatbot_model.py:109] Processing user input: 'chào'
[2025-04-01 20:38:26] ERROR [chatbot_model.py:116] Cannot generate response: Model or tokenizer not loaded.
[2025-04-01 20:38:26] INFO [views.py:62] Response generated in 0.00 seconds.
[2025-04-01 20:42:03] INFO [chatbot_model.py:5] Starting chatbot_model.py import process...
[2025-04-01 20:42:07] INFO [chatbot_model.py:11] Successfully imported torch and transformers.
[2025-04-01 20:42:07] INFO [chatbot_model.py:18] Model directory set to: D:\FinTrip\Recommand\FinTrip\FinTrip\ChatBot\model\Gptmodel1
[2025-04-01 20:42:07] INFO [chatbot_model.py:86] Initializing model loading process...
[2025-04-01 20:42:07] DEBUG [chatbot_model.py:30] Starting load_model() with MODEL_DIR: D:\FinTrip\Recommand\FinTrip\FinTrip\ChatBot\model\Gptmodel1
[2025-04-01 20:42:07] INFO [chatbot_model.py:33] Checking if model directory exists: D:\FinTrip\Recommand\FinTrip\FinTrip\ChatBot\model\Gptmodel1
[2025-04-01 20:42:07] ERROR [chatbot_model.py:42] No weight files (pytorch_model.bin or model.safetensors) found in D:\FinTrip\Recommand\FinTrip\FinTrip\ChatBot\model\Gptmodel1
[2025-04-01 20:42:07] ERROR [chatbot_model.py:82] Failed to load model or tokenizer: No model weights found in D:\FinTrip\Recommand\FinTrip\FinTrip\ChatBot\model\Gptmodel1
Traceback (most recent call last):
  File "D:\FinTrip\Recommand\FinTrip\FinTrip\ChatBot\chatbot_model.py", line 43, in load_model
    raise FileNotFoundError(f"No model weights found in {MODEL_DIR}")
FileNotFoundError: No model weights found in D:\FinTrip\Recommand\FinTrip\FinTrip\ChatBot\model\Gptmodel1
[2025-04-01 20:42:07] CRITICAL [chatbot_model.py:89] Model initialization failed. Chatbot will not function properly.
[2025-04-01 20:42:27] INFO [views.py:43] Received user input: 'chào'
[2025-04-01 20:42:27] INFO [chatbot_model.py:102] Processing user input: 'chào'
[2025-04-01 20:42:27] ERROR [chatbot_model.py:109] Cannot generate response: Model or tokenizer not loaded.
[2025-04-01 20:42:27] INFO [views.py:62] Response generated in 0.00 seconds.
